2022-08-12 16:31:50.439757: wfastcgi.py will restart when files in C:\chordifier\ are changed: .*((\.py)|(\.config))$
2022-08-12 16:31:50.439757: wfastcgi.py 3.0.0 initialized
2022-08-12 16:31:52.726739: wfastcgi.py will restart when files in C:\chordifier\ are changed: .*((\.py)|(\.config))$
2022-08-12 16:31:52.725739: wfastcgi.py will restart when files in C:\chordifier\ are changed: .*((\.py)|(\.config))$
2022-08-12 16:31:52.726739: wfastcgi.py 3.0.0 initialized
2022-08-12 16:31:52.726739: wfastcgi.py 3.0.0 initialized
2022-08-12 16:31:52.737739: wfastcgi.py will restart when files in C:\chordifier\ are changed: .*((\.py)|(\.config))$
2022-08-12 16:31:52.737739: wfastcgi.py 3.0.0 initialized
2022-08-12 16:33:05.891474: wfastcgi.py exiting because app.py has changed, matching .*((\.py)|(\.config))$
2022-08-12 16:33:05.891474: Running on_exit tasks
2022-08-12 16:33:05.891474: wfastcgi.py exiting because app.py has changed, matching .*((\.py)|(\.config))$
2022-08-12 16:33:05.891474: Running on_exit tasks
2022-08-12 16:33:05.891474: wfastcgi.py exiting because app.py has changed, matching .*((\.py)|(\.config))$
2022-08-12 16:33:05.891474: Running on_exit tasks
2022-08-12 16:33:05.891474: wfastcgi.py exiting because app.py has changed, matching .*((\.py)|(\.config))$
2022-08-12 16:33:05.891474: Running on_exit tasks
2022-08-12 16:33:15.127517: wfastcgi.py will restart when files in C:\chordifier\ are changed: .*((\.py)|(\.config))$
2022-08-12 16:33:15.128516: wfastcgi.py 3.0.0 initialized
2022-08-12 16:33:16.951517: wfastcgi.py will restart when files in C:\chordifier\ are changed: .*((\.py)|(\.config))$
2022-08-12 16:33:16.952516: wfastcgi.py 3.0.0 initialized
2022-08-12 16:39:52.225899: wfastcgi.py will restart when files in C:\chordifier\ are changed: .*((\.py)|(\.config))$
2022-08-12 16:39:52.225899: wfastcgi.py 3.0.0 initialized
2022-08-12 16:39:53.882152: wfastcgi.py will restart when files in C:\chordifier\ are changed: .*((\.py)|(\.config))$
2022-08-12 16:39:53.882152: wfastcgi.py 3.0.0 initialized
2022-08-12 17:01:37.154226: wfastcgi.py will restart when files in C:\chordifier\ are changed: .*((\.py)|(\.config))$
2022-08-12 17:01:37.155210: wfastcgi.py 3.0.0 initialized
2022-08-12 17:21:24.583063: wfastcgi.py will restart when files in C:\chordifier\ are changed: .*((\.py)|(\.config))$
2022-08-12 17:21:24.583063: wfastcgi.py 3.0.0 initialized
2022-08-12 17:32:15.668029: wfastcgi.py will restart when files in C:\chordifier\ are changed: .*((\.py)|(\.config))$
2022-08-12 17:32:15.668029: wfastcgi.py 3.0.0 initialized
2022-08-12 17:43:26.236664: wfastcgi.py will restart when files in C:\chordifier\ are changed: .*((\.py)|(\.config))$
2022-08-12 17:43:26.236664: wfastcgi.py 3.0.0 initialized
2022-08-12 18:28:49.065476: wfastcgi.py will restart when files in C:\chordifier\ are changed: .*((\.py)|(\.config))$
2022-08-12 18:28:49.066460: wfastcgi.py 3.0.0 initialized
2022-08-12 18:40:19.697049: wfastcgi.py will restart when files in C:\chordifier\ are changed: .*((\.py)|(\.config))$
2022-08-12 18:40:19.697049: wfastcgi.py 3.0.0 initialized
2022-08-12 19:14:18.426980: wfastcgi.py will restart when files in C:\chordifier\ are changed: .*((\.py)|(\.config))$
2022-08-12 19:14:18.426980: wfastcgi.py 3.0.0 initialized
2022-08-12 19:35:46.041627: wfastcgi.py will restart when files in C:\chordifier\ are changed: .*((\.py)|(\.config))$
2022-08-12 19:35:46.041627: wfastcgi.py 3.0.0 initialized
2022-08-12 20:00:01.661261: Error occurred while reading WSGI handler:

Traceback (most recent call last):
  File "C:\Python310\lib\site-packages\wfastcgi.py", line 791, in main
    env, handler = read_wsgi_handler(response.physical_path)
  File "C:\Python310\lib\site-packages\wfastcgi.py", line 633, in read_wsgi_handler
    handler = get_wsgi_handler(os.getenv("WSGI_HANDLER"))
  File "C:\Python310\lib\site-packages\wfastcgi.py", line 600, in get_wsgi_handler
    handler = __import__(module_name, fromlist=[name_list[0][0]])
  File "C:\chordifier\.\app.py", line 98
    app.run(host=96.127.153.90)
                 ^^^^^^^^^^
SyntaxError: invalid syntax. Perhaps you forgot a comma?


StdOut: 

StdErr: 
2022-08-12 20:00:01.662261: Unhandled exception in wfastcgi.py: Traceback (most recent call last):
  File "C:\Python310\lib\site-packages\wfastcgi.py", line 791, in main
    env, handler = read_wsgi_handler(response.physical_path)
  File "C:\Python310\lib\site-packages\wfastcgi.py", line 633, in read_wsgi_handler
    handler = get_wsgi_handler(os.getenv("WSGI_HANDLER"))
  File "C:\Python310\lib\site-packages\wfastcgi.py", line 600, in get_wsgi_handler
    handler = __import__(module_name, fromlist=[name_list[0][0]])
  File "C:\chordifier\.\app.py", line 98
    app.run(host=96.127.153.90)
                 ^^^^^^^^^^
SyntaxError: invalid syntax. Perhaps you forgot a comma?
2022-08-12 20:00:01.662261: Running on_exit tasks
2022-08-12 20:00:01.663261: wfastcgi.py 3.0.0 closed
2022-08-12 20:02:06.091424: wfastcgi.py will restart when files in C:\chordifier\ are changed: .*((\.py)|(\.config))$
2022-08-12 20:02:06.091424: wfastcgi.py 3.0.0 initialized
2022-08-12 20:02:21.309529: wfastcgi.py will restart when files in C:\chordifier\ are changed: .*((\.py)|(\.config))$
2022-08-12 20:02:21.309529: wfastcgi.py will restart when files in C:\chordifier\ are changed: .*((\.py)|(\.config))$
2022-08-12 20:02:21.309529: wfastcgi.py 3.0.0 initialized
2022-08-12 20:02:21.309529: wfastcgi.py 3.0.0 initialized
2022-08-12 20:12:58.834450: wfastcgi.py will restart when files in C:\chordifier\ are changed: .*((\.py)|(\.config))$
2022-08-12 20:12:58.834450: wfastcgi.py 3.0.0 initialized
2022-08-12 20:24:48.419496: wfastcgi.py will restart when files in C:\chordifier\ are changed: .*((\.py)|(\.config))$
2022-08-12 20:24:48.435112: wfastcgi.py 3.0.0 initialized
2022-08-12 20:59:50.499289: wfastcgi.py will restart when files in C:\chordifier\ are changed: .*((\.py)|(\.config))$
2022-08-12 20:59:50.499289: wfastcgi.py 3.0.0 initialized
2022-08-12 21:19:31.517047: wfastcgi.py will restart when files in C:\chordifier\ are changed: .*((\.py)|(\.config))$
2022-08-12 21:19:31.517047: wfastcgi.py 3.0.0 initialized
2022-08-12 21:38:04.852634: wfastcgi.py will restart when files in C:\chordifier\ are changed: .*((\.py)|(\.config))$
2022-08-12 21:38:04.852634: wfastcgi.py 3.0.0 initialized
2022-08-12 22:06:19.041348: wfastcgi.py will restart when files in C:\chordifier\ are changed: .*((\.py)|(\.config))$
2022-08-12 22:06:19.041348: wfastcgi.py 3.0.0 initialized
2022-08-12 23:10:00.928566: wfastcgi.py will restart when files in C:\chordifier\ are changed: .*((\.py)|(\.config))$
2022-08-12 23:10:00.928566: wfastcgi.py 3.0.0 initialized
2022-08-12 23:29:33.419704: wfastcgi.py will restart when files in C:\chordifier\ are changed: .*((\.py)|(\.config))$
2022-08-12 23:29:33.419704: wfastcgi.py 3.0.0 initialized
2022-08-13 00:01:18.493619: wfastcgi.py will restart when files in C:\chordifier\ are changed: .*((\.py)|(\.config))$
2022-08-13 00:01:18.493619: wfastcgi.py 3.0.0 initialized
2022-08-13 00:10:10.834986: wfastcgi.py will restart when files in C:\chordifier\ are changed: .*((\.py)|(\.config))$
2022-08-13 00:10:10.834986: wfastcgi.py 3.0.0 initialized
2022-08-13 01:12:39.122916: wfastcgi.py will restart when files in C:\chordifier\ are changed: .*((\.py)|(\.config))$
2022-08-13 01:12:39.122916: wfastcgi.py 3.0.0 initialized
2022-08-13 02:04:42.792212: wfastcgi.py will restart when files in C:\chordifier\ are changed: .*((\.py)|(\.config))$
2022-08-13 02:04:42.792212: wfastcgi.py 3.0.0 initialized
2022-08-13 02:49:08.199217: wfastcgi.py will restart when files in C:\chordifier\ are changed: .*((\.py)|(\.config))$
2022-08-13 02:49:08.199217: wfastcgi.py 3.0.0 initialized
2022-08-13 02:57:19.259464: wfastcgi.py will restart when files in C:\chordifier\ are changed: .*((\.py)|(\.config))$
2022-08-13 02:57:19.259464: wfastcgi.py 3.0.0 initialized
2022-08-13 03:57:17.812637: wfastcgi.py will restart when files in C:\chordifier\ are changed: .*((\.py)|(\.config))$
2022-08-13 03:57:17.812637: wfastcgi.py 3.0.0 initialized
2022-08-13 03:57:17.812637: wfastcgi.py will restart when files in C:\chordifier\ are changed: .*((\.py)|(\.config))$
2022-08-13 03:57:17.812637: wfastcgi.py 3.0.0 initialized
2022-08-13 04:10:56.303135: wfastcgi.py will restart when files in C:\chordifier\ are changed: .*((\.py)|(\.config))$
2022-08-13 04:10:56.303135: wfastcgi.py 3.0.0 initialized
2022-08-13 04:16:41.324536: wfastcgi.py will restart when files in C:\chordifier\ are changed: .*((\.py)|(\.config))$
2022-08-13 04:16:41.324536: wfastcgi.py 3.0.0 initialized
2022-08-13 04:51:06.599401: wfastcgi.py will restart when files in C:\chordifier\ are changed: .*((\.py)|(\.config))$
2022-08-13 04:51:06.599401: wfastcgi.py 3.0.0 initialized
2022-08-13 05:20:49.063040: wfastcgi.py will restart when files in C:\chordifier\ are changed: .*((\.py)|(\.config))$
2022-08-13 05:20:49.063040: wfastcgi.py 3.0.0 initialized
2022-08-13 07:51:49.782595: wfastcgi.py will restart when files in C:\chordifier\ are changed: .*((\.py)|(\.config))$
2022-08-13 07:51:49.782595: wfastcgi.py 3.0.0 initialized
2022-08-13 08:08:37.154898: wfastcgi.py will restart when files in C:\chordifier\ are changed: .*((\.py)|(\.config))$
2022-08-13 08:08:37.154898: wfastcgi.py 3.0.0 initialized
2022-08-13 08:20:33.063059: wfastcgi.py will restart when files in C:\chordifier\ are changed: .*((\.py)|(\.config))$
2022-08-13 08:20:33.063059: wfastcgi.py 3.0.0 initialized
2022-08-13 08:40:01.430098: wfastcgi.py will restart when files in C:\chordifier\ are changed: .*((\.py)|(\.config))$
2022-08-13 08:40:01.430098: wfastcgi.py 3.0.0 initialized
2022-08-13 09:31:04.901769: wfastcgi.py will restart when files in C:\chordifier\ are changed: .*((\.py)|(\.config))$
2022-08-13 09:31:04.901769: wfastcgi.py 3.0.0 initialized
2022-08-13 09:42:05.476376: wfastcgi.py will restart when files in C:\chordifier\ are changed: .*((\.py)|(\.config))$
2022-08-13 09:42:05.476376: wfastcgi.py 3.0.0 initialized
2022-08-13 10:11:54.631772: wfastcgi.py will restart when files in C:\chordifier\ are changed: .*((\.py)|(\.config))$
2022-08-13 10:11:54.631772: wfastcgi.py 3.0.0 initialized
2022-08-13 10:36:29.423329: wfastcgi.py will restart when files in C:\chordifier\ are changed: .*((\.py)|(\.config))$
2022-08-13 10:36:29.423329: wfastcgi.py 3.0.0 initialized
2022-08-13 10:56:54.453987: wfastcgi.py will restart when files in C:\chordifier\ are changed: .*((\.py)|(\.config))$
2022-08-13 10:56:54.453987: wfastcgi.py 3.0.0 initialized
2022-08-13 11:45:28.677141: wfastcgi.py will restart when files in C:\chordifier\ are changed: .*((\.py)|(\.config))$
2022-08-13 11:45:28.677141: wfastcgi.py 3.0.0 initialized
2022-08-13 12:50:10.571802: wfastcgi.py will restart when files in C:\chordifier\ are changed: .*((\.py)|(\.config))$
2022-08-13 12:50:10.571802: wfastcgi.py 3.0.0 initialized
2022-08-13 13:54:59.538120: wfastcgi.py will restart when files in C:\chordifier\ are changed: .*((\.py)|(\.config))$
2022-08-13 13:54:59.538120: wfastcgi.py 3.0.0 initialized
2022-08-13 17:29:13.962366: wfastcgi.py will restart when files in C:\chordifier\ are changed: .*((\.py)|(\.config))$
2022-08-13 17:29:13.962366: wfastcgi.py 3.0.0 initialized
2022-08-13 17:51:15.797737: wfastcgi.py will restart when files in C:\chordifier\ are changed: .*((\.py)|(\.config))$
2022-08-13 17:51:15.797737: wfastcgi.py 3.0.0 initialized
2022-08-13 18:23:19.746233: wfastcgi.py will restart when files in C:\chordifier\ are changed: .*((\.py)|(\.config))$
2022-08-13 18:23:19.746233: wfastcgi.py 3.0.0 initialized
2022-08-13 18:36:01.918199: wfastcgi.py will restart when files in C:\chordifier\ are changed: .*((\.py)|(\.config))$
2022-08-13 18:36:01.918199: wfastcgi.py 3.0.0 initialized
2022-08-13 20:44:41.068859: wfastcgi.py will restart when files in C:\chordifier\ are changed: .*((\.py)|(\.config))$
2022-08-13 20:44:41.068859: wfastcgi.py 3.0.0 initialized
2022-08-13 21:15:12.724506: wfastcgi.py will restart when files in C:\chordifier\ are changed: .*((\.py)|(\.config))$
2022-08-13 21:15:12.724506: wfastcgi.py 3.0.0 initialized
2022-08-13 22:09:10.056235: wfastcgi.py will restart when files in C:\chordifier\ are changed: .*((\.py)|(\.config))$
2022-08-13 22:09:10.056235: wfastcgi.py 3.0.0 initialized
2022-08-13 22:27:21.930780: wfastcgi.py will restart when files in C:\chordifier\ are changed: .*((\.py)|(\.config))$
2022-08-13 22:27:21.930780: wfastcgi.py 3.0.0 initialized
2022-08-13 22:34:25.735604: wfastcgi.py will restart when files in C:\chordifier\ are changed: .*((\.py)|(\.config))$
2022-08-13 22:34:25.735604: wfastcgi.py 3.0.0 initialized
2022-08-13 23:17:17.670956: wfastcgi.py will restart when files in C:\chordifier\ are changed: .*((\.py)|(\.config))$
2022-08-13 23:17:17.670956: wfastcgi.py 3.0.0 initialized
2022-08-13 23:28:38.183353: wfastcgi.py will restart when files in C:\chordifier\ are changed: .*((\.py)|(\.config))$
2022-08-13 23:28:38.183353: wfastcgi.py 3.0.0 initialized
2022-08-13 23:49:25.606357: wfastcgi.py will restart when files in C:\chordifier\ are changed: .*((\.py)|(\.config))$
2022-08-13 23:49:25.606357: wfastcgi.py 3.0.0 initialized
2022-08-13 23:57:35.658125: wfastcgi.py will restart when files in C:\chordifier\ are changed: .*((\.py)|(\.config))$
2022-08-13 23:57:35.658125: wfastcgi.py 3.0.0 initialized
2022-08-14 00:11:38.222704: wfastcgi.py will restart when files in C:\chordifier\ are changed: .*((\.py)|(\.config))$
2022-08-14 00:11:38.238320: wfastcgi.py 3.0.0 initialized
2022-08-14 00:54:26.761125: wfastcgi.py will restart when files in C:\chordifier\ are changed: .*((\.py)|(\.config))$
2022-08-14 00:54:26.761125: wfastcgi.py 3.0.0 initialized
2022-08-14 01:34:19.291405: wfastcgi.py will restart when files in C:\chordifier\ are changed: .*((\.py)|(\.config))$
2022-08-14 01:34:19.291405: wfastcgi.py 3.0.0 initialized
2022-08-14 02:03:08.119888: wfastcgi.py will restart when files in C:\chordifier\ are changed: .*((\.py)|(\.config))$
2022-08-14 02:03:08.119888: wfastcgi.py 3.0.0 initialized
2022-08-14 02:58:19.715519: wfastcgi.py will restart when files in C:\chordifier\ are changed: .*((\.py)|(\.config))$
2022-08-14 02:58:19.715519: wfastcgi.py 3.0.0 initialized
2022-08-14 03:12:52.247149: wfastcgi.py will restart when files in C:\chordifier\ are changed: .*((\.py)|(\.config))$
2022-08-14 03:12:52.247149: wfastcgi.py 3.0.0 initialized
2022-08-14 03:29:05.212374: wfastcgi.py will restart when files in C:\chordifier\ are changed: .*((\.py)|(\.config))$
2022-08-14 03:29:05.212374: wfastcgi.py 3.0.0 initialized
2022-08-14 03:47:55.827771: wfastcgi.py will restart when files in C:\chordifier\ are changed: .*((\.py)|(\.config))$
2022-08-14 03:47:55.827771: wfastcgi.py 3.0.0 initialized
2022-08-14 06:03:15.360881: wfastcgi.py will restart when files in C:\chordifier\ are changed: .*((\.py)|(\.config))$
2022-08-14 06:03:15.360881: wfastcgi.py 3.0.0 initialized
2022-08-14 06:31:07.820554: wfastcgi.py will restart when files in C:\chordifier\ are changed: .*((\.py)|(\.config))$
2022-08-14 06:31:07.820554: wfastcgi.py 3.0.0 initialized
2022-08-14 07:42:58.246892: wfastcgi.py will restart when files in C:\chordifier\ are changed: .*((\.py)|(\.config))$
2022-08-14 07:42:58.246892: wfastcgi.py 3.0.0 initialized
2022-08-14 08:04:16.354142: wfastcgi.py will restart when files in C:\chordifier\ are changed: .*((\.py)|(\.config))$
2022-08-14 08:04:16.354142: wfastcgi.py 3.0.0 initialized
2022-08-14 09:16:41.062752: wfastcgi.py will restart when files in C:\chordifier\ are changed: .*((\.py)|(\.config))$
2022-08-14 09:16:41.062752: wfastcgi.py 3.0.0 initialized
2022-08-14 09:27:27.426190: wfastcgi.py will restart when files in C:\chordifier\ are changed: .*((\.py)|(\.config))$
2022-08-14 09:27:27.426190: wfastcgi.py 3.0.0 initialized
2022-08-14 09:43:27.405874: wfastcgi.py will restart when files in C:\chordifier\ are changed: .*((\.py)|(\.config))$
2022-08-14 09:43:27.405874: wfastcgi.py 3.0.0 initialized
2022-08-14 10:15:55.331347: wfastcgi.py will restart when files in C:\chordifier\ are changed: .*((\.py)|(\.config))$
2022-08-14 10:15:55.331347: wfastcgi.py 3.0.0 initialized
2022-08-14 10:51:34.689109: wfastcgi.py will restart when files in C:\chordifier\ are changed: .*((\.py)|(\.config))$
2022-08-14 10:51:34.704733: wfastcgi.py 3.0.0 initialized
2022-08-14 11:22:13.706618: wfastcgi.py will restart when files in C:\chordifier\ are changed: .*((\.py)|(\.config))$
2022-08-14 11:22:13.706618: wfastcgi.py 3.0.0 initialized
2022-08-14 11:34:29.729362: wfastcgi.py will restart when files in C:\chordifier\ are changed: .*((\.py)|(\.config))$
2022-08-14 11:34:29.729362: wfastcgi.py 3.0.0 initialized
2022-08-14 12:34:38.423743: wfastcgi.py will restart when files in C:\chordifier\ are changed: .*((\.py)|(\.config))$
2022-08-14 12:34:38.423743: wfastcgi.py 3.0.0 initialized
2022-08-14 12:52:31.955915: wfastcgi.py will restart when files in C:\chordifier\ are changed: .*((\.py)|(\.config))$
2022-08-14 12:52:31.955915: wfastcgi.py 3.0.0 initialized
2022-08-14 14:06:53.104789: wfastcgi.py will restart when files in C:\chordifier\ are changed: .*((\.py)|(\.config))$
2022-08-14 14:06:53.104789: wfastcgi.py 3.0.0 initialized
2022-08-14 15:57:17.683706: wfastcgi.py will restart when files in C:\chordifier\ are changed: .*((\.py)|(\.config))$
2022-08-14 15:57:17.683706: wfastcgi.py 3.0.0 initialized
2022-08-14 16:11:38.162971: wfastcgi.py will restart when files in C:\chordifier\ are changed: .*((\.py)|(\.config))$
2022-08-14 16:11:38.162971: wfastcgi.py 3.0.0 initialized
2022-08-14 17:17:56.589302: wfastcgi.py will restart when files in C:\chordifier\ are changed: .*((\.py)|(\.config))$
2022-08-14 17:17:56.589302: wfastcgi.py 3.0.0 initialized
2022-08-14 17:49:06.174308: wfastcgi.py will restart when files in C:\chordifier\ are changed: .*((\.py)|(\.config))$
2022-08-14 17:49:06.174308: wfastcgi.py 3.0.0 initialized
2022-08-14 18:19:40.669233: wfastcgi.py will restart when files in C:\chordifier\ are changed: .*((\.py)|(\.config))$
2022-08-14 18:19:40.669233: wfastcgi.py 3.0.0 initialized
2022-08-14 19:39:42.838940: wfastcgi.py will restart when files in C:\chordifier\ are changed: .*((\.py)|(\.config))$
2022-08-14 19:39:42.838940: wfastcgi.py 3.0.0 initialized
2022-08-14 20:30:55.809411: wfastcgi.py will restart when files in C:\chordifier\ are changed: .*((\.py)|(\.config))$
2022-08-14 20:30:55.809411: wfastcgi.py 3.0.0 initialized
2022-08-14 20:30:55.996935: wfastcgi.py will restart when files in C:\chordifier\ are changed: .*((\.py)|(\.config))$
2022-08-14 20:30:55.996935: wfastcgi.py 3.0.0 initialized
2022-08-14 21:03:03.605252: wfastcgi.py will restart when files in C:\chordifier\ are changed: .*((\.py)|(\.config))$
2022-08-14 21:03:03.605252: wfastcgi.py 3.0.0 initialized
2022-08-14 21:17:11.390554: wfastcgi.py will restart when files in C:\chordifier\ are changed: .*((\.py)|(\.config))$
2022-08-14 21:17:11.390554: wfastcgi.py 3.0.0 initialized
2022-08-14 21:34:07.491506: wfastcgi.py will restart when files in C:\chordifier\ are changed: .*((\.py)|(\.config))$
2022-08-14 21:34:07.491506: wfastcgi.py 3.0.0 initialized
2022-08-14 21:41:21.232389: wfastcgi.py will restart when files in C:\chordifier\ are changed: .*((\.py)|(\.config))$
2022-08-14 21:41:21.232389: wfastcgi.py 3.0.0 initialized
2022-08-14 21:58:46.656212: wfastcgi.py will restart when files in C:\chordifier\ are changed: .*((\.py)|(\.config))$
2022-08-14 21:58:46.656212: wfastcgi.py 3.0.0 initialized
2022-08-14 22:46:02.545025: wfastcgi.py will restart when files in C:\chordifier\ are changed: .*((\.py)|(\.config))$
2022-08-14 22:46:02.545025: wfastcgi.py 3.0.0 initialized
2022-08-14 23:19:40.692985: wfastcgi.py will restart when files in C:\chordifier\ are changed: .*((\.py)|(\.config))$
2022-08-14 23:19:40.692985: wfastcgi.py 3.0.0 initialized
2022-08-14 23:28:50.749180: wfastcgi.py will restart when files in C:\chordifier\ are changed: .*((\.py)|(\.config))$
2022-08-14 23:28:50.764806: wfastcgi.py 3.0.0 initialized
2022-08-15 01:18:54.288160: wfastcgi.py will restart when files in C:\chordifier\ are changed: .*((\.py)|(\.config))$
2022-08-15 01:18:54.288160: wfastcgi.py 3.0.0 initialized
2022-08-15 01:55:32.931674: wfastcgi.py will restart when files in C:\chordifier\ are changed: .*((\.py)|(\.config))$
2022-08-15 01:55:32.931674: wfastcgi.py 3.0.0 initialized
2022-08-15 03:21:02.018265: wfastcgi.py will restart when files in C:\chordifier\ are changed: .*((\.py)|(\.config))$
2022-08-15 03:21:02.018265: wfastcgi.py 3.0.0 initialized
2022-08-15 05:05:27.575649: wfastcgi.py will restart when files in C:\chordifier\ are changed: .*((\.py)|(\.config))$
2022-08-15 05:05:27.575649: wfastcgi.py 3.0.0 initialized
2022-08-15 07:20:25.376920: wfastcgi.py will restart when files in C:\chordifier\ are changed: .*((\.py)|(\.config))$
2022-08-15 07:20:25.376920: wfastcgi.py 3.0.0 initialized
2022-08-15 07:56:18.609008: wfastcgi.py will restart when files in C:\chordifier\ are changed: .*((\.py)|(\.config))$
2022-08-15 07:56:18.609008: wfastcgi.py 3.0.0 initialized
2022-08-15 08:17:30.088104: wfastcgi.py will restart when files in C:\chordifier\ are changed: .*((\.py)|(\.config))$
2022-08-15 08:17:30.088104: wfastcgi.py 3.0.0 initialized
2022-08-15 08:38:35.796929: wfastcgi.py will restart when files in C:\chordifier\ are changed: .*((\.py)|(\.config))$
2022-08-15 08:38:35.796929: wfastcgi.py 3.0.0 initialized
2022-08-15 08:48:21.893936: wfastcgi.py will restart when files in C:\chordifier\ are changed: .*((\.py)|(\.config))$
2022-08-15 08:48:21.893936: wfastcgi.py 3.0.0 initialized
2022-08-15 10:01:44.053380: wfastcgi.py will restart when files in C:\chordifier\ are changed: .*((\.py)|(\.config))$
2022-08-15 10:01:44.053380: wfastcgi.py 3.0.0 initialized
2022-08-15 10:34:29.009142: wfastcgi.py will restart when files in C:\chordifier\ are changed: .*((\.py)|(\.config))$
2022-08-15 10:34:29.009142: wfastcgi.py 3.0.0 initialized
2022-08-15 10:52:12.207208: wfastcgi.py will restart when files in C:\chordifier\ are changed: .*((\.py)|(\.config))$
2022-08-15 10:52:12.207208: wfastcgi.py 3.0.0 initialized
2022-08-15 11:05:22.269976: wfastcgi.py will restart when files in C:\chordifier\ are changed: .*((\.py)|(\.config))$
2022-08-15 11:05:22.269976: wfastcgi.py 3.0.0 initialized
2022-08-15 11:44:14.721564: wfastcgi.py will restart when files in C:\chordifier\ are changed: .*((\.py)|(\.config))$
2022-08-15 11:44:14.721564: wfastcgi.py 3.0.0 initialized
2022-08-15 13:39:22.755318: wfastcgi.py will restart when files in C:\chordifier\ are changed: .*((\.py)|(\.config))$
2022-08-15 13:39:22.755318: wfastcgi.py 3.0.0 initialized
2022-08-15 14:42:51.057830: wfastcgi.py will restart when files in C:\chordifier\ are changed: .*((\.py)|(\.config))$
2022-08-15 14:42:51.057830: wfastcgi.py 3.0.0 initialized
